# JRE version: OpenJDK Runtime Environment (8.0_152-b06) (build 1.8.0_152-release-1136-b06)
# Java VM: OpenJDK 64-Bit Server VM (25.152-b06 mixed mode linux-amd64 compressed oops)
Heap:
 PSYoungGen      total 224768K, used 706K [0x00000000e0000000, 0x00000000ee680000, 0x0000000100000000)
  eden space 213504K, 0% used [0x00000000e0000000,0x00000000e0000000,0x00000000ed080000)
  from space 11264K, 6% used [0x00000000ed080000,0x00000000ed130b10,0x00000000edb80000)
  to   space 5632K, 0% used [0x00000000ee100000,0x00000000ee100000,0x00000000ee680000)
 ParOldGen       total 53248K, used 20396K [0x00000000a0000000, 0x00000000a3400000, 0x00000000e0000000)
  object space 53248K, 38% used [0x00000000a0000000,0x00000000a13eb0d0,0x00000000a3400000)
 Metaspace       used 40994K, capacity 41778K, committed 42200K, reserved 1085440K
  class space    used 5312K, capacity 5566K, committed 5632K, reserved 1048576K
GC Heap History (10 events):
Event: 9,134 GC heap after
Heap after GC invocations=12 (full 1):
 PSYoungGen      total 140800K, used 8305K [0x00000000e0000000, 0x00000000ebb00000, 0x0000000100000000)
  eden space 130048K, 0% used [0x00000000e0000000,0x00000000e0000000,0x00000000e7f00000)
  from space 10752K, 77% used [0x00000000e7f00000,0x00000000e871c5c0,0x00000000e8980000)
  to   space 11264K, 0% used [0x00000000eb000000,0x00000000eb000000,0x00000000ebb00000)
 ParOldGen       total 37376K, used 17155K [0x00000000a0000000, 0x00000000a2480000, 0x00000000e0000000)
  object space 37376K, 45% used [0x00000000a0000000,0x00000000a10c0d48,0x00000000a2480000)
 Metaspace       used 33108K, capacity 33800K, committed 34048K, reserved 1079296K
  class space    used 4540K, capacity 4795K, committed 4864K, reserved 1048576K
}
Event: 9,361 GC heap before
{Heap before GC invocations=13 (full 1):
 PSYoungGen      total 140800K, used 23427K [0x00000000e0000000, 0x00000000ebb00000, 0x0000000100000000)
  eden space 130048K, 11% used [0x00000000e0000000,0x00000000e0ec4790,0x00000000e7f00000)
  from space 10752K, 77% used [0x00000000e7f00000,0x00000000e871c5c0,0x00000000e8980000)
  to   space 11264K, 0% used [0x00000000eb000000,0x00000000eb000000,0x00000000ebb00000)
 ParOldGen       total 37376K, used 17155K [0x00000000a0000000, 0x00000000a2480000, 0x00000000e0000000)
  object space 37376K, 45% used [0x00000000a0000000,0x00000000a10c0d48,0x00000000a2480000)
 Metaspace       used 34629K, capacity 35352K, committed 35416K, reserved 1079296K
  class space    used 4725K, capacity 4965K, committed 4992K, reserved 1048576K
Event: 9,372 GC heap after
Heap after GC invocations=13 (full 1):
 PSYoungGen      total 180224K, used 6605K [0x00000000e0000000, 0x00000000ec480000, 0x0000000100000000)
  eden space 168960K, 0% used [0x00000000e0000000,0x00000000e0000000,0x00000000ea500000)
  from space 11264K, 58% used [0x00000000eb000000,0x00000000eb673630,0x00000000ebb00000)
  to   space 11264K, 0% used [0x00000000ea500000,0x00000000ea500000,0x00000000eb000000)
 ParOldGen       total 37376K, used 17259K [0x00000000a0000000, 0x00000000a2480000, 0x00000000e0000000)
  object space 37376K, 46% used [0x00000000a0000000,0x00000000a10dad48,0x00000000a2480000)
 Metaspace       used 34629K, capacity 35352K, committed 35416K, reserved 1079296K
  class space    used 4725K, capacity 4965K, committed 4992K, reserved 1048576K
}
Event: 9,372 GC heap before
{Heap before GC invocations=14 (full 2):
 PSYoungGen      total 180224K, used 6605K [0x00000000e0000000, 0x00000000ec480000, 0x0000000100000000)
  eden space 168960K, 0% used [0x00000000e0000000,0x00000000e0000000,0x00000000ea500000)
  from space 11264K, 58% used [0x00000000eb000000,0x00000000eb673630,0x00000000ebb00000)
  to   space 11264K, 0% used [0x00000000ea500000,0x00000000ea500000,0x00000000eb000000)
 ParOldGen       total 37376K, used 17259K [0x00000000a0000000, 0x00000000a2480000, 0x00000000e0000000)
  object space 37376K, 46% used [0x00000000a0000000,0x00000000a10dad48,0x00000000a2480000)
 Metaspace       used 34629K, capacity 35352K, committed 35416K, reserved 1079296K
  class space    used 4725K, capacity 4965K, committed 4992K, reserved 1048576K
Event: 9,486 GC heap after
Heap after GC invocations=14 (full 2):
 PSYoungGen      total 180224K, used 0K [0x00000000e0000000, 0x00000000ec480000, 0x0000000100000000)
  eden space 168960K, 0% used [0x00000000e0000000,0x00000000e0000000,0x00000000ea500000)
  from space 11264K, 0% used [0x00000000eb000000,0x00000000eb000000,0x00000000ebb00000)
  to   space 11264K, 0% used [0x00000000ea500000,0x00000000ea500000,0x00000000eb000000)
 ParOldGen       total 53248K, used 16381K [0x00000000a0000000, 0x00000000a3400000, 0x00000000e0000000)
  object space 53248K, 30% used [0x00000000a0000000,0x00000000a0fff400,0x00000000a3400000)
 Metaspace       used 34559K, capacity 35196K, committed 35416K, reserved 1079296K
  class space    used 4706K, capacity 4913K, committed 4992K, reserved 1048576K
}
Event: 20,996 GC heap before
{Heap before GC invocations=15 (full 2):
 PSYoungGen      total 180224K, used 168960K [0x00000000e0000000, 0x00000000ec480000, 0x0000000100000000)
  eden space 168960K, 100% used [0x00000000e0000000,0x00000000ea500000,0x00000000ea500000)
  from space 11264K, 0% used [0x00000000eb000000,0x00000000eb000000,0x00000000ebb00000)
  to   space 11264K, 0% used [0x00000000ea500000,0x00000000ea500000,0x00000000eb000000)
 ParOldGen       total 53248K, used 16381K [0x00000000a0000000, 0x00000000a3400000, 0x00000000e0000000)
  object space 53248K, 30% used [0x00000000a0000000,0x00000000a0fff400,0x00000000a3400000)
 Metaspace       used 40782K, capacity 41586K, committed 41944K, reserved 1085440K
  class space    used 5308K, capacity 5566K, committed 5632K, reserved 1048576K
Event: 21,029 GC heap after
Heap after GC invocations=15 (full 2):
 PSYoungGen      total 180224K, used 6339K [0x00000000e0000000, 0x00000000eeb80000, 0x0000000100000000)
  eden space 168960K, 0% used [0x00000000e0000000,0x00000000e0000000,0x00000000ea500000)
  from space 11264K, 56% used [0x00000000ea500000,0x00000000eab30f08,0x00000000eb000000)
  to   space 10752K, 0% used [0x00000000ee100000,0x00000000ee100000,0x00000000eeb80000)
 ParOldGen       total 53248K, used 16461K [0x00000000a0000000, 0x00000000a3400000, 0x00000000e0000000)
  object space 53248K, 30% used [0x00000000a0000000,0x00000000a1013410,0x00000000a3400000)
 Metaspace       used 40782K, capacity 41586K, committed 41944K, reserved 1085440K
  class space    used 5308K, capacity 5566K, committed 5632K, reserved 1048576K
}
Event: 34,172 GC heap before
{Heap before GC invocations=16 (full 2):
 PSYoungGen      total 180224K, used 175299K [0x00000000e0000000, 0x00000000eeb80000, 0x0000000100000000)
  eden space 168960K, 100% used [0x00000000e0000000,0x00000000ea500000,0x00000000ea500000)
  from space 11264K, 56% used [0x00000000ea500000,0x00000000eab30f08,0x00000000eb000000)
  to   space 10752K, 0% used [0x00000000ee100000,0x00000000ee100000,0x00000000eeb80000)
 ParOldGen       total 53248K, used 16461K [0x00000000a0000000, 0x00000000a3400000, 0x00000000e0000000)
  object space 53248K, 30% used [0x00000000a0000000,0x00000000a1013410,0x00000000a3400000)
 Metaspace       used 40907K, capacity 41714K, committed 41944K, reserved 1085440K
  class space    used 5312K, capacity 5566K, committed 5632K, reserved 1048576K
Event: 34,247 GC heap after
Heap after GC invocations=16 (full 2):
 PSYoungGen      total 219136K, used 496K [0x00000000e0000000, 0x00000000ee680000, 0x0000000100000000)
  eden space 213504K, 0% used [0x00000000e0000000,0x00000000e0000000,0x00000000ed080000)
  from space 5632K, 8% used [0x00000000ee100000,0x00000000ee17c030,0x00000000ee680000)
  to   space 11264K, 0% used [0x00000000ed080000,0x00000000ed080000,0x00000000edb80000)
 ParOldGen       total 53248K, used 20388K [0x00000000a0000000, 0x00000000a3400000, 0x00000000e0000000)
  object space 53248K, 38% used [0x00000000a0000000,0x00000000a13e90d0,0x00000000a3400000)
 Metaspace       used 40907K, capacity 41714K, committed 41944K, reserved 1085440K
  class space    used 5312K, capacity 5566K, committed 5632K, reserved 1048576K
}
Event: 54,285 GC heap before
{Heap before GC invocations=17 (full 2):
 PSYoungGen      total 219136K, used 214000K [0x00000000e0000000, 0x00000000ee680000, 0x0000000100000000)
  eden space 213504K, 100% used [0x00000000e0000000,0x00000000ed080000,0x00000000ed080000)
  from space 5632K, 8% used [0x00000000ee100000,0x00000000ee17c030,0x00000000ee680000)
  to   space 11264K, 0% used [0x00000000ed080000,0x00000000ed080000,0x00000000edb80000)
 ParOldGen       total 53248K, used 20388K [0x00000000a0000000, 0x00000000a3400000, 0x00000000e0000000)
  object space 53248K, 38% used [0x00000000a0000000,0x00000000a13e90d0,0x00000000a3400000)
 Metaspace       used 40994K, capacity 41778K, committed 42200K, reserved 1085440K
  class space    used 5312K, capacity 5566K, committed 5632K, reserved 1048576K

